make --dry-run --always-make --keep-going --print-directory
make: Entering directory `/Users/abrar/Desktop/42-Devcontainer/42-Devcontainer/src/Cursus/ft_irc'
mkdir -p obj
mkdir -p obj/src
mkdir -p obj/src/cmd
g++   -Wall -Wextra -Werror -std=c++98 -g -o obj/main.o -c main.cpp
mkdir -p obj
mkdir -p obj/src
mkdir -p obj/src/cmd
g++   -Wall -Wextra -Werror -std=c++98 -g -o obj/./src/Server.o -c src/Server.cpp
mkdir -p obj
mkdir -p obj/src
mkdir -p obj/src/cmd
g++   -Wall -Wextra -Werror -std=c++98 -g -o obj/./src/Client.o -c src/Client.cpp
mkdir -p obj
mkdir -p obj/src
mkdir -p obj/src/cmd
g++   -Wall -Wextra -Werror -std=c++98 -g -o obj/./src/Message.o -c src/Message.cpp
mkdir -p obj
mkdir -p obj/src
mkdir -p obj/src/cmd
g++   -Wall -Wextra -Werror -std=c++98 -g -o obj/./src/Channel.o -c src/Channel.cpp
mkdir -p obj
mkdir -p obj/src
mkdir -p obj/src/cmd
g++   -Wall -Wextra -Werror -std=c++98 -g -o obj/./src/Mask.o -c src/Mask.cpp
mkdir -p obj
mkdir -p obj/src
mkdir -p obj/src/cmd
g++   -Wall -Wextra -Werror -std=c++98 -g -o obj/./src/cmd/Join.o -c src/cmd/Join.cpp
mkdir -p obj
mkdir -p obj/src
mkdir -p obj/src/cmd
g++   -Wall -Wextra -Werror -std=c++98 -g -o obj/./src/cmd/User.o -c src/cmd/User.cpp
mkdir -p obj
mkdir -p obj/src
mkdir -p obj/src/cmd
g++   -Wall -Wextra -Werror -std=c++98 -g -o obj/./src/cmd/Nick.o -c src/cmd/Nick.cpp
mkdir -p obj
mkdir -p obj/src
mkdir -p obj/src/cmd
g++   -Wall -Wextra -Werror -std=c++98 -g -o obj/./src/cmd/PrivMsg.o -c src/cmd/PrivMsg.cpp
mkdir -p obj
mkdir -p obj/src
mkdir -p obj/src/cmd
g++   -Wall -Wextra -Werror -std=c++98 -g -o obj/./src/cmd/Cap.o -c src/cmd/Cap.cpp
mkdir -p obj
mkdir -p obj/src
mkdir -p obj/src/cmd
g++   -Wall -Wextra -Werror -std=c++98 -g -o obj/./src/cmd/Whois.o -c src/cmd/Whois.cpp
mkdir -p obj
mkdir -p obj/src
mkdir -p obj/src/cmd
g++   -Wall -Wextra -Werror -std=c++98 -g -o obj/./src/cmd/Who.o -c src/cmd/Who.cpp
mkdir -p obj
mkdir -p obj/src
mkdir -p obj/src/cmd
g++   -Wall -Wextra -Werror -std=c++98 -g -o obj/./src/cmd/Mode.o -c src/cmd/Mode.cpp
mkdir -p obj
mkdir -p obj/src
mkdir -p obj/src/cmd
g++   -Wall -Wextra -Werror -std=c++98 -g -o obj/./src/cmd/Ping.o -c src/cmd/Ping.cpp
mkdir -p obj
mkdir -p obj/src
mkdir -p obj/src/cmd
g++   -Wall -Wextra -Werror -std=c++98 -g -o obj/./src/cmd/Pong.o -c src/cmd/Pong.cpp
mkdir -p obj
mkdir -p obj/src
mkdir -p obj/src/cmd
g++   -Wall -Wextra -Werror -std=c++98 -g -o obj/./src/cmd/Part.o -c src/cmd/Part.cpp
mkdir -p obj
mkdir -p obj/src
mkdir -p obj/src/cmd
g++   -Wall -Wextra -Werror -std=c++98 -g -o obj/./src/cmd/Kick.o -c src/cmd/Kick.cpp
mkdir -p obj
mkdir -p obj/src
mkdir -p obj/src/cmd
g++   -Wall -Wextra -Werror -std=c++98 -g -o obj/./src/cmd/Notice.o -c src/cmd/Notice.cpp
mkdir -p obj
mkdir -p obj/src
mkdir -p obj/src/cmd
g++   -Wall -Wextra -Werror -std=c++98 -g -o obj/./src/cmd/Invite.o -c src/cmd/Invite.cpp
mkdir -p obj
mkdir -p obj/src
mkdir -p obj/src/cmd
g++   -Wall -Wextra -Werror -std=c++98 -g -o obj/./src/cmd/Topic.o -c src/cmd/Topic.cpp
mkdir -p obj
mkdir -p obj/src
mkdir -p obj/src/cmd
g++   -Wall -Wextra -Werror -std=c++98 -g -o obj/./src/cmd/List.o -c src/cmd/List.cpp
g++   -Wall -Wextra -Werror -std=c++98 -g -o ircserv obj/main.o obj/./src/Server.o obj/./src/Client.o obj/./src/Message.o obj/./src/Channel.o obj/./src/Mask.o obj/./src/cmd/Join.o obj/./src/cmd/User.o obj/./src/cmd/Nick.o obj/./src/cmd/PrivMsg.o obj/./src/cmd/Cap.o obj/./src/cmd/Whois.o obj/./src/cmd/Who.o obj/./src/cmd/Mode.o obj/./src/cmd/Ping.o obj/./src/cmd/Pong.o obj/./src/cmd/Part.o obj/./src/cmd/Kick.o obj/./src/cmd/Notice.o obj/./src/cmd/Invite.o obj/./src/cmd/Topic.o obj/./src/cmd/List.o
make: Leaving directory `/Users/abrar/Desktop/42-Devcontainer/42-Devcontainer/src/Cursus/ft_irc'
 
